<?xml version="1.0" encoding="UTF-8"?>
<coverage generated="1657680210406" clover="3.2.0">
  <project timestamp="1657680210406" name="All files">
    <metrics statements="41" coveredstatements="41" conditionals="20" coveredconditionals="20" methods="4" coveredmethods="4" elements="65" coveredelements="65" complexity="0" loc="41" ncloc="41" packages="1" files="1" classes="1"/>
    <file name="RoverTask.js" path="C:\Users\Administrator\Desktop\Penta_B Task\RoverTask.js">
      <metrics statements="41" coveredstatements="41" conditionals="20" coveredconditionals="20" methods="4" coveredmethods="4"/>
      <line num="2" count="1" type="stmt"/>
      <line num="8" count="1" type="stmt"/>
      <line num="13" count="1" type="stmt"/>
      <line num="19" count="1" type="stmt"/>
      <line num="21" count="1" type="stmt"/>
      <line num="29" count="7" type="stmt"/>
      <line num="30" count="7" type="stmt"/>
      <line num="31" count="21" type="cond" truecount="4" falsecount="0"/>
      <line num="32" count="1" type="stmt"/>
      <line num="36" count="7" type="cond" truecount="2" falsecount="0"/>
      <line num="37" count="6" type="stmt"/>
      <line num="38" count="6" type="stmt"/>
      <line num="39" count="6" type="stmt"/>
      <line num="40" count="6" type="stmt"/>
      <line num="41" count="6" type="stmt"/>
      <line num="45" count="1" type="stmt"/>
      <line num="46" count="1" type="stmt"/>
      <line num="47" count="1" type="stmt"/>
      <line num="48" count="1" type="stmt"/>
      <line num="49" count="1" type="stmt"/>
      <line num="56" count="7" type="stmt"/>
      <line num="58" count="49" type="cond" truecount="4" falsecount="0"/>
      <line num="59" count="19" type="stmt"/>
      <line num="61" count="19" type="cond" truecount="2" falsecount="0"/>
      <line num="64" count="17" type="cond" truecount="2" falsecount="0"/>
      <line num="67" count="41" type="stmt"/>
      <line num="68" count="19" type="stmt"/>
      <line num="72" count="30" type="cond" truecount="2" falsecount="0"/>
      <line num="73" count="29" type="stmt"/>
      <line num="74" count="29" type="stmt"/>
      <line num="78" count="1" type="stmt"/>
      <line num="79" count="1" type="stmt"/>
      <line num="83" count="6" type="stmt"/>
      <line num="84" count="6" type="stmt"/>
      <line num="89" count="30" type="stmt"/>
      <line num="90" count="30" type="stmt"/>
      <line num="91" count="30" type="stmt"/>
      <line num="92" count="90" type="cond" truecount="4" falsecount="0"/>
      <line num="93" count="1" type="stmt"/>
      <line num="95" count="29" type="stmt"/>
      <line num="99" count="1" type="stmt"/>
    </file>
  </project>
</coverage>
