{"C:\\Users\\Administrator\\Desktop\\Penta_B Task\\RoverTask.js": {"path":"C:\\Users\\Administrator\\Desktop\\Penta_B Task\\RoverTask.js","statementMap":{"0":{"start":{"line":2,"column":16},"end":{"line":5,"column":1}},"1":{"start":{"line":8,"column":15},"end":{"line":11,"column":1}},"2":{"start":{"line":13,"column":19},"end":{"line":18,"column":1}},"3":{"start":{"line":19,"column":18},"end":{"line":19,"column":42}},"4":{"start":{"line":21,"column":14},"end":{"line":97,"column":1}},"5":{"start":{"line":29,"column":24},"end":{"line":29,"column":28}},"6":{"start":{"line":30,"column":8},"end":{"line":34,"column":9}},"7":{"start":{"line":31,"column":12},"end":{"line":32,"column":34}},"8":{"start":{"line":32,"column":16},"end":{"line":32,"column":34}},"9":{"start":{"line":36,"column":8},"end":{"line":50,"column":9}},"10":{"start":{"line":37,"column":12},"end":{"line":37,"column":24}},"11":{"start":{"line":38,"column":12},"end":{"line":38,"column":24}},"12":{"start":{"line":39,"column":12},"end":{"line":39,"column":40}},"13":{"start":{"line":40,"column":12},"end":{"line":40,"column":58}},"14":{"start":{"line":41,"column":12},"end":{"line":41,"column":61}},"15":{"start":{"line":45,"column":12},"end":{"line":45,"column":24}},"16":{"start":{"line":46,"column":12},"end":{"line":46,"column":24}},"17":{"start":{"line":47,"column":12},"end":{"line":47,"column":37}},"18":{"start":{"line":48,"column":12},"end":{"line":48,"column":64}},"19":{"start":{"line":49,"column":12},"end":{"line":49,"column":114}},"20":{"start":{"line":56,"column":8},"end":{"line":81,"column":9}},"21":{"start":{"line":58,"column":12},"end":{"line":69,"column":13}},"22":{"start":{"line":59,"column":16},"end":{"line":59,"column":56}},"23":{"start":{"line":61,"column":16},"end":{"line":64,"column":80}},"24":{"start":{"line":61,"column":47},"end":{"line":61,"column":73}},"25":{"start":{"line":64,"column":21},"end":{"line":64,"column":80}},"26":{"start":{"line":64,"column":54},"end":{"line":64,"column":80}},"27":{"start":{"line":67,"column":16},"end":{"line":67,"column":113}},"28":{"start":{"line":67,"column":70},"end":{"line":67,"column":111}},"29":{"start":{"line":68,"column":16},"end":{"line":68,"column":25}},"30":{"start":{"line":72,"column":12},"end":{"line":80,"column":13}},"31":{"start":{"line":73,"column":16},"end":{"line":73,"column":66}},"32":{"start":{"line":74,"column":16},"end":{"line":74,"column":66}},"33":{"start":{"line":78,"column":16},"end":{"line":78,"column":83}},"34":{"start":{"line":79,"column":16},"end":{"line":79,"column":77}},"35":{"start":{"line":83,"column":8},"end":{"line":83,"column":67}},"36":{"start":{"line":84,"column":8},"end":{"line":84,"column":61}},"37":{"start":{"line":89,"column":8},"end":{"line":89,"column":52}},"38":{"start":{"line":90,"column":8},"end":{"line":90,"column":52}},"39":{"start":{"line":91,"column":8},"end":{"line":94,"column":9}},"40":{"start":{"line":92,"column":12},"end":{"line":93,"column":28}},"41":{"start":{"line":93,"column":16},"end":{"line":93,"column":28}},"42":{"start":{"line":95,"column":8},"end":{"line":95,"column":20}},"43":{"start":{"line":99,"column":0},"end":{"line":99,"column":23}}},"fnMap":{"0":{"name":"(anonymous_0)","decl":{"start":{"line":27,"column":4},"end":{"line":27,"column":5}},"loc":{"start":{"line":27,"column":33},"end":{"line":52,"column":5}},"line":27},"1":{"name":"(anonymous_1)","decl":{"start":{"line":55,"column":4},"end":{"line":55,"column":5}},"loc":{"start":{"line":55,"column":19},"end":{"line":85,"column":5}},"line":55},"2":{"name":"(anonymous_2)","decl":{"start":{"line":67,"column":63},"end":{"line":67,"column":64}},"loc":{"start":{"line":67,"column":70},"end":{"line":67,"column":111}},"line":67},"3":{"name":"(anonymous_3)","decl":{"start":{"line":88,"column":4},"end":{"line":88,"column":5}},"loc":{"start":{"line":88,"column":34},"end":{"line":96,"column":5}},"line":88}},"branchMap":{"0":{"loc":{"start":{"line":31,"column":12},"end":{"line":32,"column":34}},"type":"if","locations":[{"start":{"line":31,"column":12},"end":{"line":32,"column":34}},{"start":{},"end":{}}],"line":31},"1":{"loc":{"start":{"line":31,"column":16},"end":{"line":31,"column":54}},"type":"binary-expr","locations":[{"start":{"line":31,"column":16},"end":{"line":31,"column":33}},{"start":{"line":31,"column":37},"end":{"line":31,"column":54}}],"line":31},"2":{"loc":{"start":{"line":36,"column":8},"end":{"line":50,"column":9}},"type":"if","locations":[{"start":{"line":36,"column":8},"end":{"line":50,"column":9}},{"start":{"line":44,"column":13},"end":{"line":50,"column":9}}],"line":36},"3":{"loc":{"start":{"line":58,"column":12},"end":{"line":69,"column":13}},"type":"if","locations":[{"start":{"line":58,"column":12},"end":{"line":69,"column":13}},{"start":{},"end":{}}],"line":58},"4":{"loc":{"start":{"line":58,"column":16},"end":{"line":58,"column":50}},"type":"binary-expr","locations":[{"start":{"line":58,"column":16},"end":{"line":58,"column":31}},{"start":{"line":58,"column":35},"end":{"line":58,"column":50}}],"line":58},"5":{"loc":{"start":{"line":61,"column":16},"end":{"line":64,"column":80}},"type":"if","locations":[{"start":{"line":61,"column":16},"end":{"line":64,"column":80}},{"start":{"line":64,"column":21},"end":{"line":64,"column":80}}],"line":61},"6":{"loc":{"start":{"line":64,"column":21},"end":{"line":64,"column":80}},"type":"if","locations":[{"start":{"line":64,"column":21},"end":{"line":64,"column":80}},{"start":{},"end":{}}],"line":64},"7":{"loc":{"start":{"line":72,"column":12},"end":{"line":80,"column":13}},"type":"if","locations":[{"start":{"line":72,"column":12},"end":{"line":80,"column":13}},{"start":{"line":77,"column":17},"end":{"line":80,"column":13}}],"line":72},"8":{"loc":{"start":{"line":92,"column":12},"end":{"line":93,"column":28}},"type":"if","locations":[{"start":{"line":92,"column":12},"end":{"line":93,"column":28}},{"start":{},"end":{}}],"line":92},"9":{"loc":{"start":{"line":92,"column":16},"end":{"line":92,"column":54}},"type":"binary-expr","locations":[{"start":{"line":92,"column":16},"end":{"line":92,"column":33}},{"start":{"line":92,"column":37},"end":{"line":92,"column":54}}],"line":92}},"s":{"0":1,"1":1,"2":1,"3":1,"4":1,"5":7,"6":7,"7":21,"8":1,"9":7,"10":6,"11":6,"12":6,"13":6,"14":6,"15":1,"16":1,"17":1,"18":1,"19":1,"20":7,"21":49,"22":19,"23":19,"24":2,"25":17,"26":2,"27":19,"28":41,"29":19,"30":30,"31":29,"32":29,"33":1,"34":1,"35":6,"36":6,"37":30,"38":30,"39":30,"40":90,"41":1,"42":29,"43":1},"f":{"0":7,"1":7,"2":41,"3":30},"b":{"0":[1,20],"1":[21,1],"2":[6,1],"3":[19,30],"4":[49,39],"5":[2,17],"6":[2,15],"7":[29,1],"8":[1,89],"9":[90,7]},"_coverageSchema":"1a1c01bbd47fc00a2c39e90264f33305004495a9","hash":"ebf8a8b992affc26f8f426cd457a8697a3aa5a7d"}
}
