TN:
SF:RoverTask.js
FN:27,(anonymous_0)
FN:55,(anonymous_1)
FN:67,(anonymous_2)
FN:88,(anonymous_3)
FNF:4
FNH:4
FNDA:7,(anonymous_0)
FNDA:7,(anonymous_1)
FNDA:41,(anonymous_2)
FNDA:30,(anonymous_3)
DA:2,1
DA:8,1
DA:13,1
DA:19,1
DA:21,1
DA:29,7
DA:30,7
DA:31,21
DA:32,1
DA:36,7
DA:37,6
DA:38,6
DA:39,6
DA:40,6
DA:41,6
DA:45,1
DA:46,1
DA:47,1
DA:48,1
DA:49,1
DA:56,7
DA:58,49
DA:59,19
DA:61,19
DA:64,17
DA:67,41
DA:68,19
DA:72,30
DA:73,29
DA:74,29
DA:78,1
DA:79,1
DA:83,6
DA:84,6
DA:89,30
DA:90,30
DA:91,30
DA:92,90
DA:93,1
DA:95,29
DA:99,1
LF:41
LH:41
BRDA:31,0,0,1
BRDA:31,0,1,20
BRDA:31,1,0,21
BRDA:31,1,1,1
BRDA:36,2,0,6
BRDA:36,2,1,1
BRDA:58,3,0,19
BRDA:58,3,1,30
BRDA:58,4,0,49
BRDA:58,4,1,39
BRDA:61,5,0,2
BRDA:61,5,1,17
BRDA:64,6,0,2
BRDA:64,6,1,15
BRDA:72,7,0,29
BRDA:72,7,1,1
BRDA:92,8,0,1
BRDA:92,8,1,89
BRDA:92,9,0,90
BRDA:92,9,1,7
BRF:20
BRH:20
end_of_record
